c:\users\thistle\documents\visual studio 2013\projects\10.12\10.12\debug\vc120.pdb
c:\users\thistle\documents\visual studio 2013\projects\10.12\10.12\debug\vc120.idb
c:\users\thistle\documents\visual studio 2013\projects\10.12\10.12\debug\10.12.obj
c:\users\thistle\documents\visual studio 2013\projects\10.12\debug\10.12.pdb
c:\users\thistle\documents\visual studio 2013\projects\10.12\10.12\debug\10.12.tlog\cl.command.1.tlog
c:\users\thistle\documents\visual studio 2013\projects\10.12\10.12\debug\10.12.tlog\cl.read.1.tlog
c:\users\thistle\documents\visual studio 2013\projects\10.12\10.12\debug\10.12.tlog\cl.write.1.tlog
c:\users\thistle\documents\visual studio 2013\projects\10.12\10.12\debug\10.12.tlog\link-cvtres.read.1.tlog
c:\users\thistle\documents\visual studio 2013\projects\10.12\10.12\debug\10.12.tlog\link-cvtres.write.1.tlog
c:\users\thistle\documents\visual studio 2013\projects\10.12\10.12\debug\10.12.tlog\link-rc.read.1.tlog
c:\users\thistle\documents\visual studio 2013\projects\10.12\10.12\debug\10.12.tlog\link-rc.write.1.tlog
c:\users\thistle\documents\visual studio 2013\projects\10.12\10.12\debug\10.12.tlog\link.2804-cvtres.read.1.tlog
c:\users\thistle\documents\visual studio 2013\projects\10.12\10.12\debug\10.12.tlog\link.2804-cvtres.write.1.tlog
c:\users\thistle\documents\visual studio 2013\projects\10.12\10.12\debug\10.12.tlog\link.2804-rc.read.1.tlog
c:\users\thistle\documents\visual studio 2013\projects\10.12\10.12\debug\10.12.tlog\link.2804-rc.write.1.tlog
c:\users\thistle\documents\visual studio 2013\projects\10.12\10.12\debug\10.12.tlog\link.2804.read.1.tlog
c:\users\thistle\documents\visual studio 2013\projects\10.12\10.12\debug\10.12.tlog\link.2804.write.1.tlog
c:\users\thistle\documents\visual studio 2013\projects\10.12\10.12\debug\10.12.tlog\link.command.1.tlog
c:\users\thistle\documents\visual studio 2013\projects\10.12\10.12\debug\10.12.tlog\link.read.1.tlog
c:\users\thistle\documents\visual studio 2013\projects\10.12\10.12\debug\10.12.tlog\link.write.1.tlog
