生成启动时间为 2020/10/31 19:40:50。
     1>项目“E:\Bit\Gitee\PrimaryC\10.31\10.31\10.31.vcxproj”在节点 2 上(Build 个目标)。
     1>ClCompile:
         C:\Program Files (x86)\Microsoft Visual Studio 12.0\VC\bin\CL.exe /c /ZI /nologo /W3 /WX- /sdl /Od /Oy- /D _MBCS /Gm /EHsc /RTC1 /MDd /GS /fp:precise /Zc:wchar_t /Zc:forScope /Fo"Debug\\" /Fd"Debug\vc120.pdb" /Gd /TC /analyze- /errorReport:prompt 10.31.c
         10.31.c
     1>e:\bit\gitee\primaryc\10.31\10.31\10.31.c(11): warning C4047: “=”:“int”与“int *”的间接级别不同
     1>e:\bit\gitee\primaryc\10.31\10.31\10.31.c(13): warning C4047: “=”:“int *”与“int”的间接级别不同
     1>e:\bit\gitee\primaryc\10.31\10.31\10.31.c(35): warning C4047: “=”:“int”与“int *”的间接级别不同
     1>e:\bit\gitee\primaryc\10.31\10.31\10.31.c(37): warning C4047: “=”:“int *”与“int”的间接级别不同
     1>e:\bit\gitee\primaryc\10.31\10.31\10.31.c(44): warning C4047: “=”:“int”与“int *”的间接级别不同
     1>e:\bit\gitee\primaryc\10.31\10.31\10.31.c(46): warning C4047: “=”:“int *”与“int”的间接级别不同
     1>e:\bit\gitee\primaryc\10.31\10.31\10.31.c(75): warning C4047: “函数”:“int **”与“int [10]”的间接级别不同
     1>e:\bit\gitee\primaryc\10.31\10.31\10.31.c(75): warning C4024: “SwapArray”: 形参和实参 1 的类型不同
     1>e:\bit\gitee\primaryc\10.31\10.31\10.31.c(75): warning C4024: “SwapArray”: 形参和实参 2 的类型不同
     1>e:\bit\gitee\primaryc\10.31\10.31\10.31.c(76): warning C4047: “函数”:“int **”与“int [10]”的间接级别不同
     1>e:\bit\gitee\primaryc\10.31\10.31\10.31.c(76): warning C4024: “print”: 形参和实参 1 的类型不同
     1>e:\bit\gitee\primaryc\10.31\10.31\10.31.c(77): warning C4047: “函数”:“int **”与“int [10]”的间接级别不同
     1>e:\bit\gitee\primaryc\10.31\10.31\10.31.c(77): warning C4024: “print”: 形参和实参 1 的类型不同
     1>e:\bit\gitee\primaryc\10.31\10.31\10.31.c(48): warning C4716: “SwapArray”: 必须返回一个值
       Link:
         C:\Program Files (x86)\Microsoft Visual Studio 12.0\VC\bin\link.exe /ERRORREPORT:PROMPT /OUT:"E:\Bit\Gitee\PrimaryC\10.31\Debug\10.31.exe" /INCREMENTAL /NOLOGO kernel32.lib user32.lib gdi32.lib winspool.lib comdlg32.lib advapi32.lib shell32.lib ole32.lib oleaut32.lib uuid.lib odbc32.lib odbccp32.lib /MANIFEST /MANIFESTUAC:"level='asInvoker' uiAccess='false'" /manifest:embed /DEBUG /PDB:"E:\Bit\Gitee\PrimaryC\10.31\Debug\10.31.pdb" /TLBID:1 /DYNAMICBASE /NXCOMPAT /IMPLIB:"E:\Bit\Gitee\PrimaryC\10.31\Debug\10.31.lib" /MACHINE:X86 Debug\10.31.obj
         10.31.vcxproj -> E:\Bit\Gitee\PrimaryC\10.31\Debug\10.31.exe
     1>已完成生成项目“E:\Bit\Gitee\PrimaryC\10.31\10.31\10.31.vcxproj”(Build 个目标)的操作。

生成成功。

已用时间 00:00:00.60
