e:\bit\helloworld\helloworld\debug\vc120.pdb
e:\bit\helloworld\helloworld\debug\vc120.idb
e:\bit\helloworld\helloworld\debug\9.27calculator.obj
e:\bit\helloworld\helloworld\debug\10.9初识指针.obj
e:\bit\helloworld\helloworld\debug\10.9pointer.obj
e:\bit\helloworld\helloworld\debug\helloworld.obj
e:\bit\helloworld\debug\c.pdb
e:\bit\helloworld\helloworld\debug\c.tlog\cl.command.1.tlog
e:\bit\helloworld\helloworld\debug\c.tlog\cl.read.1.tlog
e:\bit\helloworld\helloworld\debug\c.tlog\cl.write.1.tlog
e:\bit\helloworld\helloworld\debug\c.tlog\link-cvtres.read.1.tlog
e:\bit\helloworld\helloworld\debug\c.tlog\link-cvtres.write.1.tlog
e:\bit\helloworld\helloworld\debug\c.tlog\link-rc.read.1.tlog
e:\bit\helloworld\helloworld\debug\c.tlog\link-rc.write.1.tlog
e:\bit\helloworld\helloworld\debug\c.tlog\link.19116-cvtres.read.1.tlog
e:\bit\helloworld\helloworld\debug\c.tlog\link.19116-cvtres.write.1.tlog
e:\bit\helloworld\helloworld\debug\c.tlog\link.19116-rc.read.1.tlog
e:\bit\helloworld\helloworld\debug\c.tlog\link.19116-rc.write.1.tlog
e:\bit\helloworld\helloworld\debug\c.tlog\link.19116.read.1.tlog
e:\bit\helloworld\helloworld\debug\c.tlog\link.19116.write.1.tlog
e:\bit\helloworld\helloworld\debug\c.tlog\link.command.1.tlog
e:\bit\helloworld\helloworld\debug\c.tlog\link.read.1.tlog
e:\bit\helloworld\helloworld\debug\c.tlog\link.write.1.tlog
